2020/08/04 09:08:38 {"callers":["D:/go/github.com/hoseazhai/gopl_learning/blog-service/main.go: 21 main.init.0"],"level":"info","message":"eddycjy: go-programming-tour-book/blog-service","time":1596503318051401300}
2020/08/04 18:33:09 {"callers":["D:/go/github.com/hoseazhai/gopl_learning/blog-service/main.go: 21 main.init.0"],"level":"info","message":"eddycjy: go-programming-tour-book/blog-service","time":1596537189600340200}
2020/08/04 18:53:43 {"callers":["D:/go/github.com/hoseazhai/gopl_learning/blog-service/main.go: 21 main.init.0"],"level":"info","message":"eddycjy: go-programming-tour-book/blog-service","time":1596538423791795000}
2020/08/04 18:55:26 {"callers":["D:/go/github.com/hoseazhai/gopl_learning/blog-service/main.go: 21 main.init.0"],"level":"info","message":"eddycjy: go-programming-tour-book/blog-service","time":1596538526010102500}
2020/08/04 19:59:00 {"callers":["D:/go/github.com/hoseazhai/gopl_learning/blog-service/main.go: 21 main.init.0"],"level":"info","message":"eddycjy: go-programming-tour-book/blog-service","time":1596542340394307300}
2020/08/05 11:32:35 {"callers":["D:/go/github.com/hoseazhai/gopl_learning/blog-service/main.go: 21 main.init.0"],"level":"info","message":"eddycjy: go-programming-tour-book/blog-service","time":1596598355391212700}
2020/08/05 11:46:56 {"callers":["D:/go/github.com/hoseazhai/gopl_learning/blog-service/main.go: 21 main.init.0"],"level":"info","message":"eddycjy: go-programming-tour-book/blog-service","time":1596599216471811500}
2020/08/05 13:11:48 {"callers":["D:/go/github.com/hoseazhai/gopl_learning/blog-service/main.go: 21 main.init.0"],"level":"info","message":"eddycjy: go-programming-tour-book/blog-service","time":1596604308124396200}
2020/08/05 13:15:31 {"callers":["D:/go/github.com/hoseazhai/gopl_learning/blog-service/main.go: 21 main.init.0"],"level":"info","message":"eddycjy: go-programming-tour-book/blog-service","time":1596604531821514700}
2020/08/06 08:51:47 {"callers":["D:/go/github.com/hoseazhai/gopl_learning/blog-service/main.go: 21 main.init.0"],"level":"info","message":"eddycjy: go-programming-tour-book/blog-service","time":1596675107095401900}
2020/08/06 09:19:53 {"callers":["D:/go/github.com/hoseazhai/gopl_learning/blog-service/main.go: 21 main.init.0"],"level":"info","message":"eddycjy: go-programming-tour-book/blog-service","time":1596676793836051500}
2020/08/06 09:30:40 {"callers":["D:/go/github.com/hoseazhai/gopl_learning/blog-service/main.go: 21 main.init.0"],"level":"info","message":"eddycjy: go-programming-tour-book/blog-service","time":1596677440980259200}
2020/08/06 09:39:34 {"callers":["D:/go/github.com/hoseazhai/gopl_learning/blog-service/main.go: 21 main.init.0"],"level":"info","message":"eddycjy: go-programming-tour-book/blog-service","time":1596677974982693300}
2020/08/06 09:58:40 {"callers":["D:/go/github.com/hoseazhai/gopl_learning/blog-service/main.go: 21 main.init.0"],"level":"info","message":"eddycjy: go-programming-tour-book/blog-service","time":1596679120992943800}
2020/08/06 10:00:17 {"callers":["D:/go/github.com/hoseazhai/gopl_learning/blog-service/main.go: 21 main.init.0"],"level":"info","message":"eddycjy: go-programming-tour-book/blog-service","time":1596679217356327800}
2020/08/06 10:06:49 {"callers":["D:/go/github.com/hoseazhai/gopl_learning/blog-service/main.go: 21 main.init.0"],"level":"info","message":"eddycjy: go-programming-tour-book/blog-service","time":1596679609975111000}
2020/08/06 10:09:24 {"callers":["D:/go/github.com/hoseazhai/gopl_learning/blog-service/main.go: 21 main.init.0"],"level":"info","message":"eddycjy: go-programming-tour-book/blog-service","time":1596679764533628100}
2020/08/06 10:20:47 {"callers":["D:/go/github.com/hoseazhai/gopl_learning/blog-service/main.go: 21 main.init.0"],"level":"info","message":"eddycjy: go-programming-tour-book/blog-service","time":1596680447123726900}
2020/08/06 10:34:00 {"callers":["D:/go/github.com/hoseazhai/gopl_learning/blog-service/main.go: 21 main.init.0"],"level":"info","message":"eddycjy: go-programming-tour-book/blog-service","time":1596681240711738500}
2020/08/06 10:37:42 {"callers":["D:/go/github.com/hoseazhai/gopl_learning/blog-service/main.go: 21 main.init.0"],"level":"info","message":"eddycjy: go-programming-tour-book/blog-service","time":1596681462888486300}
2020/08/06 10:42:15 {"callers":["D:/go/github.com/hoseazhai/gopl_learning/blog-service/main.go: 21 main.init.0"],"level":"info","message":"eddycjy: go-programming-tour-book/blog-service","time":1596681735977329200}
2020/08/06 10:56:15 {"callers":["D:/go/github.com/hoseazhai/gopl_learning/blog-service/main.go: 21 main.init.0"],"level":"info","message":"eddycjy: go-programming-tour-book/blog-service","time":1596682575671638600}
2020/08/06 10:56:56 {"callers":["D:/go/github.com/hoseazhai/gopl_learning/blog-service/main.go: 21 main.init.0"],"level":"info","message":"eddycjy: go-programming-tour-book/blog-service","time":1596682616912540600}
2020/08/06 11:13:42 {"callers":["D:/go/github.com/hoseazhai/gopl_learning/blog-service/main.go: 21 main.init.0"],"level":"info","message":"eddycjy: go-programming-tour-book/blog-service","time":1596683622784470400}
2020/08/06 11:14:39 {"callers":["D:/go/github.com/hoseazhai/gopl_learning/blog-service/main.go: 21 main.init.0"],"level":"info","message":"eddycjy: go-programming-tour-book/blog-service","time":1596683679432977700}
2020/08/06 11:22:48 {"callers":["D:/go/github.com/hoseazhai/gopl_learning/blog-service/main.go: 21 main.init.0"],"level":"info","message":"eddycjy: go-programming-tour-book/blog-service","time":1596684168171610100}
2020/08/06 11:31:47 {"callers":["D:/go/github.com/hoseazhai/gopl_learning/blog-service/main.go: 21 main.init.0"],"level":"info","message":"eddycjy: go-programming-tour-book/blog-service","time":1596684707112396200}
2020/08/06 13:50:52 {"callers":["D:/go/github.com/hoseazhai/gopl_learning/blog-service/main.go: 21 main.init.0"],"level":"info","message":"eddycjy: go-programming-tour-book/blog-service","time":1596693052350839400}
2020/08/06 14:01:21 {"callers":["D:/go/github.com/hoseazhai/gopl_learning/blog-service/main.go: 21 main.init.0"],"level":"info","message":"eddycjy: go-programming-tour-book/blog-service","time":1596693681923145500}
2020/08/06 14:02:58 {"callers":["D:/go/github.com/hoseazhai/gopl_learning/blog-service/main.go: 21 main.init.0"],"level":"info","message":"eddycjy: go-programming-tour-book/blog-service","time":1596693778794168300}
2020/08/06 14:08:19 {"callers":["D:/go/github.com/hoseazhai/gopl_learning/blog-service/main.go: 21 main.init.0"],"level":"info","message":"eddycjy: go-programming-tour-book/blog-service","time":1596694099682157600}
2020/08/06 14:42:30 {"callers":["D:/go/github.com/hoseazhai/gopl_learning/blog-service/main.go: 21 main.init.0"],"level":"info","message":"eddycjy: go-programming-tour-book/blog-service","time":1596696150619811100}
2020/08/06 14:43:30 {"callers":["D:/go/github.com/hoseazhai/gopl_learning/blog-service/main.go: 21 main.init.0"],"level":"info","message":"eddycjy: go-programming-tour-book/blog-service","time":1596696210976890400}
2020/08/06 14:44:17 {"callers":["D:/go/github.com/hoseazhai/gopl_learning/blog-service/main.go: 21 main.init.0"],"level":"info","message":"eddycjy: go-programming-tour-book/blog-service","time":1596696257677418800}
2020/08/06 14:45:49 {"callers":["D:/go/github.com/hoseazhai/gopl_learning/blog-service/main.go: 21 main.init.0"],"level":"info","message":"eddycjy: go-programming-tour-book/blog-service","time":1596696349740162300}
2020/08/07 09:57:11 {"callers":["D:/go/github.com/hoseazhai/gopl_learning/blog-service/main.go: 21 main.init.0"],"level":"info","message":"eddycjy: go-programming-tour-book/blog-service","time":1596765431954798800}
2020/08/07 10:04:24 {"callers":["D:/go/github.com/hoseazhai/gopl_learning/blog-service/main.go: 21 main.init.0"],"level":"info","message":"eddycjy: go-programming-tour-book/blog-service","time":1596765864326066100}
2020/08/07 10:05:01 {"callers":["D:/go/github.com/hoseazhai/gopl_learning/blog-service/main.go: 21 main.init.0"],"level":"","message":"app.BindAndValid errs: State必须是[0 1]中的一个","time":1596765901080761100}
2020/08/09 15:26:22 {"callers":["D:/go/github.com/hoseazhai/gopl_learning/blog-service/main.go: 21 main.init.0"],"level":"info","message":"eddycjy: go-programming-tour-book/blog-service","time":1596957982678187000}
2020/08/09 15:37:59 {"callers":["D:/go/github.com/hoseazhai/gopl_learning/blog-service/main.go: 21 main.init.0"],"level":"info","message":"eddycjy: go-programming-tour-book/blog-service","time":1596958679035753400}
2020/08/09 15:48:44 {"callers":["D:/go/github.com/hoseazhai/gopl_learning/blog-service/main.go: 21 main.init.0"],"level":"info","message":"eddycjy: go-programming-tour-book/blog-service","time":1596959324616758500}
2020/08/09 15:50:40 {"callers":["D:/go/github.com/hoseazhai/gopl_learning/blog-service/main.go: 21 main.init.0"],"level":"info","message":"eddycjy: go-programming-tour-book/blog-service","time":1596959440223566200}
2020/08/09 15:51:49 {"callers":["D:/go/github.com/hoseazhai/gopl_learning/blog-service/main.go: 21 main.init.0"],"level":"info","message":"eddycjy: go-programming-tour-book/blog-service","time":1596959509373655800}
2020/08/09 16:03:43 {"callers":["D:/go/github.com/hoseazhai/gopl_learning/blog-service/main.go: 21 main.init.0"],"level":"info","message":"eddycjy: go-programming-tour-book/blog-service","time":1596960223008658000}
2020/08/09 16:04:27 {"callers":["D:/go/github.com/hoseazhai/gopl_learning/blog-service/main.go: 21 main.init.0"],"level":"info","message":"eddycjy: go-programming-tour-book/blog-service","time":1596960267660243200}
2020/08/09 16:09:46 {"callers":["D:/go/github.com/hoseazhai/gopl_learning/blog-service/main.go: 21 main.init.0"],"level":"info","message":"eddycjy: go-programming-tour-book/blog-service","time":1596960586365856500}
2020/08/17 11:41:57 {"callers":["D:/go/github.com/hoseazhai/gopl_learning/blog-service/main.go: 21 main.init.0"],"level":"info","message":"eddycjy: go-programming-tour-book/blog-service","time":1597635717503948800}
2020/08/17 13:05:26 {"callers":["D:/go/github.com/hoseazhai/gopl_learning/blog-service/main.go: 21 main.init.0"],"level":"info","message":"eddycjy: go-programming-tour-book/blog-service","time":1597640726110624600}
2020/08/20 14:29:51 {"callers":["D:/go/github.com/hoseazhai/gopl_learning/blog-service/main.go: 21 main.init.0"],"level":"info","message":"eddycjy: go-programming-tour-book/blog-service","time":1597904991447241100}
2020/08/20 14:36:38 {"callers":["D:/go/github.com/hoseazhai/gopl_learning/blog-service/main.go: 21 main.init.0"],"level":"","message":"svc.Uploadfile err: file suffix is not supported","time":1597905398619189500}
2020/09/25 14:24:53 {"callers":["D:/go/github.com/hoseazhai/gopl_learning/blog-service/main.go: 21 main.init.0"],"level":"info","message":"eddycjy: go-programming-tour-book/blog-service","time":1601015093955327100}
2020/09/25 14:29:50 {"callers":["D:/go/github.com/hoseazhai/gopl_learning/blog-service/main.go: 21 main.init.0"],"level":"","message":"svc.CheckAuth err : auth info does not exist.","time":1601015390998552700}
2020/09/25 14:33:11 {"callers":["D:/go/github.com/hoseazhai/gopl_learning/blog-service/main.go: 21 main.init.0"],"level":"","message":"svc.CheckAuth err : auth info does not exist.","time":1601015591656347100}
2020/09/25 14:33:41 {"callers":["D:/go/github.com/hoseazhai/gopl_learning/blog-service/main.go: 21 main.init.0"],"level":"","message":"svc.CheckAuth err : auth info does not exist.","time":1601015621305030000}
2020/09/25 14:34:39 {"callers":["D:/go/github.com/hoseazhai/gopl_learning/blog-service/main.go: 21 main.init.0"],"level":"","message":"svc.CheckAuth err : auth info does not exist.","time":1601015679205257400}
2020/09/25 14:34:52 {"callers":["D:/go/github.com/hoseazhai/gopl_learning/blog-service/main.go: 21 main.init.0"],"level":"","message":"svc.CheckAuth err : auth info does not exist.","time":1601015692890644200}
2020/09/25 14:38:58 {"callers":["D:/go/github.com/hoseazhai/gopl_learning/blog-service/main.go: 21 main.init.0"],"level":"","message":"app.BindAndValid errs: ","time":1601015938922972700}
2020/09/25 14:52:38 {"callers":["D:/go/github.com/hoseazhai/gopl_learning/blog-service/main.go: 21 main.init.0"],"level":"","message":"app.BindAndValid errs: ","time":1601016758909275000}
2020/09/25 15:22:57 {"callers":["D:/go/github.com/hoseazhai/gopl_learning/blog-service/main.go: 21 main.init.0"],"level":"","message":"svc.CheckAuth err : auth info does not exist.","time":1601018577228695400}
2020/09/25 15:24:07 {"callers":["D:/go/github.com/hoseazhai/gopl_learning/blog-service/main.go: 21 main.init.0"],"level":"","message":"svc.CheckAuth err : auth info does not exist.","time":1601018647195403300}
2020/09/25 15:27:15 {"callers":["D:/go/github.com/hoseazhai/gopl_learning/blog-service/main.go: 21 main.init.0"],"level":"","message":"svc.CheckAuth err : auth info does not exist.","time":1601018835461265200}
2020/09/25 15:35:28 {"callers":["D:/go/github.com/hoseazhai/gopl_learning/blog-service/main.go: 21 main.init.0"],"level":"","message":"app.BindAndValid errs: ","time":1601019328517802500}
2020/09/25 16:07:24 {"callers":["D:/go/github.com/hoseazhai/gopl_learning/blog-service/main.go: 21 main.init.0"],"level":"","message":"app.BindAndValid errs: ","time":1601021244834337300}
2020/10/27 15:05:13 {"callers":["D:/go/github.com/hoseazhai/gopl_learning/blog-service/main.go: 22 main.init.0"],"level":"info","message":"eddycjy: go-programming-tour-book/blog-service","time":1603782313544129600}
2020/10/27 15:07:42 {"callers":["D:/go/github.com/hoseazhai/gopl_learning/blog-service/main.go: 22 main.init.0"],"level":"","message":"app.BindAndValid errs: AppKey为必填字段,AppSecret为必填字段","time":1603782462777778400}
2020/10/27 15:14:44 {"callers":["D:/go/github.com/hoseazhai/gopl_learning/blog-service/main.go: 22 main.init.0"],"level":"info","message":"eddycjy: go-programming-tour-book/blog-service","time":1603782884897531400}
2020/10/27 15:26:15 {"callers":["D:/go/github.com/hoseazhai/gopl_learning/blog-service/main.go: 22 main.init.0"],"level":"info","message":"eddycjy: go-programming-tour-book/blog-service","time":1603783575617918000}
2020/10/27 15:30:46 {"callers":["D:/go/github.com/hoseazhai/gopl_learning/blog-service/main.go: 22 main.init.0"],"level":"","message":"app.BindAndValid errs: AppKey为必填字段,AppSecret为必填字段","time":1603783846196457500}
2020/10/27 15:42:40 {"callers":["D:/go/github.com/hoseazhai/gopl_learning/blog-service/main.go: 22 main.init.0"],"level":"info","message":"eddycjy: go-programming-tour-book/blog-service","time":1603784560113995700}
2020/10/27 16:49:52 {"callers":["D:/go/github.com/hoseazhai/gopl_learning/blog-service/main.go: 22 main.init.0"],"level":"info","message":"eddycjy: go-programming-tour-book/blog-service","time":1603788592853222000}
2020/10/27 16:51:00 {"callers":["D:/go/github.com/hoseazhai/gopl_learning/blog-service/main.go: 22 main.init.0"],"level":"","message":"app.BindAndValid errs: AppKey为必填字段,AppSecret为必填字段","time":1603788660276440300}
2020/10/27 17:40:23 {"callers":["D:/go/github.com/hoseazhai/gopl_learning/blog-service/main.go: 23 main.init.0"],"level":"debug","message":"eddycjy%!(EXTRA string=blog-service)","time":1603791623991188900}
2020/10/27 17:40:55 {"callers":["D:/go/github.com/hoseazhai/gopl_learning/blog-service/main.go: 23 main.init.0"],"level":"","message":"app.BindAndValid errs: AppKey为必填字段,AppSecret为必填字段","time":1603791655918528300}
2020/10/28 09:01:35 {"callers":["D:/go/github.com/hoseazhai/gopl_learning/blog-service/main.go: 23 main.init.0"],"level":"debug","message":"eddycjy%!(EXTRA string=blog-service)","time":1603846895770990700}
2020/10/28 09:22:24 {"callers":["D:/go/github.com/hoseazhai/gopl_learning/blog-service/main.go: 23 main.init.0"],"level":"info","message":"eddycjy%!(EXTRA string=blog-service)","time":1603848144925050300}
2020/10/28 09:32:36 {"callers":["D:/go/github.com/hoseazhai/gopl_learning/blog-service/main.go: 23 main.init.0"],"level":"info","message":"eddycjy%!(EXTRA string=blog-service)","time":1603848756818609900}
2020/10/28 09:34:58 {"callers":["D:/go/github.com/hoseazhai/gopl_learning/blog-service/main.go: 23 main.init.0"],"level":"error","message":"app.BindAndValid errs: AppKey为必填字段,AppSecret为必填字段","span_id":"541389b6f8b5b19","time":1603848898495607700,"trace_id":"541389b6f8b5b19"}
2020/10/28 09:38:09 {"callers":["D:/go/github.com/hoseazhai/gopl_learning/blog-service/main.go: 23 main.init.0"],"level":"error","message":"svc.Uploadfile err: file suffix is not supported","span_id":"4de69a6db653d411","time":1603849089482712000,"trace_id":"4de69a6db653d411"}
2020/10/28 09:56:47 {"callers":["D:/go/github.com/hoseazhai/gopl_learning/blog-service/main.go: 23 main.init.0"],"level":"info","message":"eddycjy%!(EXTRA string=blog-service)","time":1603850207098579100}
2020/10/28 10:00:07 {"callers":["D:/go/github.com/hoseazhai/gopl_learning/blog-service/main.go: 23 main.init.0"],"level":"error","message":"svc.Uploadfile err: file suffix is not supported","span_id":"dcc18a5223f4e0c","time":1603850407699762100,"trace_id":"dcc18a5223f4e0c"}
2020/10/29 10:45:51 {"callers":["D:/go/github.com/hoseazhai/gopl_learning/blog-service/main.go: 23 main.init.0"],"level":"info","message":"eddycjy%!(EXTRA string=blog-service)","time":1603939551857234100}
2020/10/29 10:47:01 {"callers":["D:/go/github.com/hoseazhai/gopl_learning/blog-service/main.go: 23 main.init.0"],"level":"error","message":"app.BindAndValid errs: AppKey为必填字段,AppSecret为必填字段","span_id":"6ef53b3a6f0f1cc","time":1603939621264006900,"trace_id":"6ef53b3a6f0f1cc"}
2020/10/29 16:37:37 {"callers":["D:/go/github.com/hoseazhai/gopl_learning/blog-service/main.go: 23 main.init.0"],"level":"info","message":"eddycjy%!(EXTRA string=blog-service)","time":1603960657073794700}
2021/08/11 16:35:33 {"callers":["D:/go/github.com/hoseazhai/gopl_learning/blog-service/main.go: 23 main.init.0"],"level":"info","message":"eddycjy%!(EXTRA string=blog-service)","time":1628670933129714300}
2021/08/12 13:16:01 {"callers":["D:/go/github.com/hoseazhai/gopl_learning/blog-service/main.go: 23 main.init.0"],"level":"info","message":"eddycjy%!(EXTRA string=blog-service)","time":1628745361351758400}
2021/08/12 13:24:00 {"callers":["D:/go/github.com/hoseazhai/gopl_learning/blog-service/main.go: 23 main.init.0"],"level":"info","message":"eddycjy%!(EXTRA string=blog-service)","time":1628745840929247700}
2021/08/12 13:25:44 {"callers":["D:/go/github.com/hoseazhai/gopl_learning/blog-service/main.go: 23 main.init.0"],"level":"info","message":"eddycjy%!(EXTRA string=blog-service)","time":1628745944690258400}
2021/08/12 13:27:55 {"callers":["D:/go/github.com/hoseazhai/gopl_learning/blog-service/main.go: 23 main.init.0"],"level":"info","message":"eddycjy%!(EXTRA string=blog-service)","time":1628746075458681000}
2021/08/12 14:11:15 {"callers":["D:/go/github.com/hoseazhai/gopl_learning/blog-service/main.go: 23 main.init.0"],"level":"info","message":"eddycjy%!(EXTRA string=blog-service)","time":1628748675855265200}
2021/08/12 15:34:33 {"callers":["D:/go/github.com/hoseazhai/gopl_learning/blog-service/main.go: 23 main.init.0"],"level":"info","message":"eddycjy%!(EXTRA string=blog-service)","time":1628753673703351700}
